2025-09-10 00:56:22 - INFO - 成功连接到以太坊节点: https://eth-mainnet.g.alchemy.com/v2/demo
2025-09-10 00:56:22 - INFO - 当前区块高度: 23326873
2025-09-10 00:56:22 - INFO - 开始猎取有余额的以太坊地址...
2025-09-10 00:56:22 - INFO - RPC节点: https://eth-mainnet.g.alchemy.com/v2/demo
2025-09-10 00:56:22 - INFO - 统计间隔: 1000 地址
2025-09-10 00:56:26 - WARNING - 查询余额失败 0xc927DC0Ff504431134137E9026e059221d937e2F: 429 Client Error: Too Many Requests for url: https://eth-mainnet.g.alchemy.com/v2/demo
2025-09-10 00:56:30 - WARNING - 查询余额失败 0x709d2DDB8804De451c80dc5cbc541d9610d9661D: 429 Client Error: Too Many Requests for url: https://eth-mainnet.g.alchemy.com/v2/demo
2025-09-10 00:56:33 - WARNING - 查询余额失败 0xb75e86471E76b46A6C040bEB4F00a45DA1eDFD0a: 429 Client Error: Too Many Requests for url: https://eth-mainnet.g.alchemy.com/v2/demo
2025-09-10 00:56:37 - WARNING - 查询余额失败 0x651D0274937d8176A4984503482F9730B1930eb0: 429 Client Error: Too Many Requests for url: https://eth-mainnet.g.alchemy.com/v2/demo
2025-09-10 00:56:40 - WARNING - 查询余额失败 0xCd8dB25E58Db3F2825535a3A7E8aa88Be17a555B: 429 Client Error: Too Many Requests for url: https://eth-mainnet.g.alchemy.com/v2/demo
2025-09-10 00:56:44 - WARNING - 查询余额失败 0xb1dc44a2c223C159ef61671E947b5DEa5274cA81: 429 Client Error: Too Many Requests for url: https://eth-mainnet.g.alchemy.com/v2/demo
2025-09-10 00:57:25 - WARNING - 无法连接到节点: https://eth-mainnet.g.alchemy.com/v2/demo
2025-09-10 00:57:27 - WARNING - 无法连接到节点: https://mainnet.infura.io/v3/9aa3d95b3bc440fa88ea12eaa4456161
2025-09-10 00:57:29 - INFO - 成功连接到以太坊节点: https://eth-mainnet.public.blastapi.io
2025-09-10 00:57:29 - INFO - 当前区块高度: 23326879
2025-09-10 00:57:29 - INFO - 开始猎取有余额的以太坊地址...
2025-09-10 00:57:29 - INFO - RPC节点: https://eth-mainnet.public.blastapi.io
2025-09-10 00:57:29 - INFO - 统计间隔: 1000 地址
2025-09-10 01:00:45 - WARNING - 无法连接到节点: https://eth-mainnet.g.alchemy.com/v2/demo
2025-09-10 01:00:47 - WARNING - 无法连接到节点: https://mainnet.infura.io/v3/9aa3d95b3bc440fa88ea12eaa4456161
2025-09-10 01:00:47 - INFO - 成功连接到以太坊节点: https://eth-mainnet.public.blastapi.io
2025-09-10 01:00:48 - INFO - 当前区块高度: 23326896
2025-09-10 01:00:48 - INFO - 开始猎取有余额的以太坊地址...
2025-09-10 01:00:48 - INFO - RPC节点: https://eth-mainnet.public.blastapi.io
2025-09-10 01:00:48 - INFO - 统计间隔: 1000 地址
2025-09-10 01:03:43 - INFO - 
用户中断程序
2025-09-10 01:03:43 - INFO - 统计信息 - 已检查: 619 | 运行时间: 180.7秒 | 检查速度: 3.43 地址/秒
2025-09-10 01:03:43 - INFO - 程序结束
